This file contains any messages produced by compilers while
running configure, to aid debugging if configure makes a mistake.

It was created by Xar configure 1.8dev, which was
generated by GNU Autoconf 2.69.  Invocation command line was

  $ /Users/user/Downloads/xar-xar-452/xar/configure 

## --------- ##
## Platform. ##
## --------- ##

hostname = Users-Mac
uname -m = x86_64
uname -r = 20.6.0
uname -s = Darwin
uname -v = Darwin Kernel Version 20.6.0: Fri Dec 16 00:35:00 PST 2022; root:xnu-7195.141.49~1/RELEASE_X86_64

/usr/bin/uname -p = i386
/bin/uname -X     = unknown

/bin/arch              = unknown
/usr/bin/arch -k       = unknown
/usr/convex/getsysinfo = unknown
/usr/bin/hostinfo      = Mach kernel version:
	 Darwin Kernel Version 20.6.0: Fri Dec 16 00:35:00 PST 2022; root:xnu-7195.141.49~1/RELEASE_X86_64
Kernel configured for up to 4 processors.
4 processors are physically available.
4 processors are logically available.
Processor type: x86_64h (Intel x86-64h Haswell)
Processors active: 0 1 2 3
Primary memory available: 8.00 gigabytes
Default processor set: 459 tasks, 1585 threads, 4 processors
Load average: 2.26, Mach factor: 1.93
/bin/machine           = unknown
/usr/bin/oslevel       = unknown
/bin/universe          = unknown

PATH: /usr/local/bin
PATH: /usr/bin
PATH: /bin
PATH: /usr/sbin
PATH: /sbin
PATH: /Library/Apple/usr/bin
PATH: /Users/user/.vscode-server/bin/441438abd1ac652551dbe4d408dfcec8a499b8bf/bin/remote-cli


## ----------- ##
## Core tests. ##
## ----------- ##

configure:2498: checking for gcc
configure:2514: found /usr/bin/gcc
configure:2525: result: gcc
configure:2754: checking for C compiler version
configure:2763: gcc --version >&5
Apple clang version 13.0.0 (clang-1300.0.29.30)
Target: x86_64-apple-darwin20.6.0
Thread model: posix
InstalledDir: /Applications/Xcode.app/Contents/Developer/Toolchains/XcodeDefault.xctoolchain/usr/bin
Configured with: --prefix=/Applications/Xcode.app/Contents/Developer/usr --with-gxx-include-dir=/Applications/Xcode.app/Contents/Developer/Platforms/MacOSX.platform/Developer/SDKs/MacOSX.sdk/usr/include/c++/4.2.1
configure:2774: $? = 0
configure:2763: gcc -v >&5
Configured with: --prefix=/Applications/Xcode.app/Contents/Developer/usr --with-gxx-include-dir=/Applications/Xcode.app/Contents/Developer/Platforms/MacOSX.platform/Developer/SDKs/MacOSX.sdk/usr/include/c++/4.2.1
Apple clang version 13.0.0 (clang-1300.0.29.30)
Target: x86_64-apple-darwin20.6.0
Thread model: posix
InstalledDir: /Applications/Xcode.app/Contents/Developer/Toolchains/XcodeDefault.xctoolchain/usr/bin
configure:2774: $? = 0
configure:2763: gcc -V >&5
clang: error: argument to '-V' is missing (expected 1 value)
clang: error: no input files
configure:2774: $? = 1
configure:2763: gcc -qversion >&5
clang: error: unknown argument '-qversion'; did you mean '--version'?
clang: error: no input files
configure:2774: $? = 1
configure:2794: checking whether the C compiler works
configure:2816: gcc    conftest.c  >&5
configure:2820: $? = 0
configure:2868: result: yes
configure:2871: checking for C compiler default output file name
configure:2873: result: a.out
configure:2879: checking for suffix of executables
configure:2886: gcc -o conftest    conftest.c  >&5
configure:2890: $? = 0
configure:2912: result: 
configure:2934: checking whether we are cross compiling
configure:2942: gcc -o conftest    conftest.c  >&5
configure:2946: $? = 0
configure:2953: ./conftest
configure:2957: $? = 0
configure:2972: result: no
configure:2977: checking for suffix of object files
configure:2999: gcc -c   conftest.c >&5
configure:3003: $? = 0
configure:3024: result: o
configure:3028: checking whether we are using the GNU C compiler
configure:3047: gcc -c   conftest.c >&5
configure:3047: $? = 0
configure:3056: result: yes
configure:3065: checking whether gcc accepts -g
configure:3085: gcc -c -g  conftest.c >&5
configure:3085: $? = 0
configure:3126: result: yes
configure:3143: checking for gcc option to accept ISO C89
configure:3206: gcc  -c   conftest.c >&5
configure:3206: $? = 0
configure:3219: result: none needed
configure:3247: checking for special C compiler options needed for large files
configure:3292: result: no
configure:3298: checking for _FILE_OFFSET_BITS value needed for large files
configure:3323: gcc -c   conftest.c >&5
configure:3323: $? = 0
configure:3355: result: no
configure:3454: checking how to run the C preprocessor
configure:3485: gcc -E  conftest.c
configure:3485: $? = 0
configure:3499: gcc -E  conftest.c
conftest.c:9:10: fatal error: 'ac_nonexistent.h' file not found
#include <ac_nonexistent.h>
         ^~~~~~~~~~~~~~~~~~
1 error generated.
configure:3499: $? = 1
configure: failed program was:
| /* confdefs.h */
| #define PACKAGE_NAME "Xar"
| #define PACKAGE_TARNAME "xar"
| #define PACKAGE_VERSION "1.8dev"
| #define PACKAGE_STRING "Xar 1.8dev"
| #define PACKAGE_BUGREPORT "xar-devel@googlegroups.com"
| #define PACKAGE_URL ""
| /* end confdefs.h.  */
| #include <ac_nonexistent.h>
configure:3524: result: gcc -E
configure:3544: gcc -E  conftest.c
configure:3544: $? = 0
configure:3558: gcc -E  conftest.c
conftest.c:9:10: fatal error: 'ac_nonexistent.h' file not found
#include <ac_nonexistent.h>
         ^~~~~~~~~~~~~~~~~~
1 error generated.
configure:3558: $? = 1
configure: failed program was:
| /* confdefs.h */
| #define PACKAGE_NAME "Xar"
| #define PACKAGE_TARNAME "xar"
| #define PACKAGE_VERSION "1.8dev"
| #define PACKAGE_STRING "Xar 1.8dev"
| #define PACKAGE_BUGREPORT "xar-devel@googlegroups.com"
| #define PACKAGE_URL ""
| /* end confdefs.h.  */
| #include <ac_nonexistent.h>
configure:3630: checking for a BSD-compatible install
configure:3698: result: /usr/bin/install -c
configure:3711: checking for ld
configure:3729: found /usr/bin/ld
configure:3741: result: /usr/bin/ld
configure:3751: checking for ar
configure:3769: found /usr/bin/ar
configure:3781: result: /usr/bin/ar
configure:3791: checking for ranlib
configure:3809: found /usr/bin/ranlib
configure:3821: result: /usr/bin/ranlib
configure:3831: checking for autoconf
configure:3864: result: no
configure:3871: checking whether to build shared libraries
configure:3880: result: yes
configure:3884: checking whether to build static libraries
configure:3893: result: yes
configure:3903: checking build system type
configure:3917: result: i686-apple-darwin20.6.0
configure:3937: checking host system type
configure:3950: result: i686-apple-darwin20.6.0
configure:4057: gcc -c -Wall -g  conftest.c >&5
conftest.c:14:7: warning: unused variable 'a' [-Wunused-variable]
acl_t a
      ^
1 warning generated.
configure:4057: $? = 0
configure:4064: checking for grep that handles long lines and -e
configure:4122: result: /usr/bin/grep
configure:4127: checking for egrep
configure:4189: result: /usr/bin/grep -E
configure:4194: checking for ANSI C header files
configure:4214: gcc -c -Wall -g  conftest.c >&5
configure:4214: $? = 0
configure:4287: gcc -o conftest -Wall -g   conftest.c  >&5
configure:4287: $? = 0
configure:4287: ./conftest
configure:4287: $? = 0
configure:4298: result: yes
configure:4311: checking for sys/types.h
configure:4311: gcc -c -Wall -g  conftest.c >&5
configure:4311: $? = 0
configure:4311: result: yes
configure:4311: checking for sys/stat.h
configure:4311: gcc -c -Wall -g  conftest.c >&5
configure:4311: $? = 0
configure:4311: result: yes
configure:4311: checking for stdlib.h
configure:4311: gcc -c -Wall -g  conftest.c >&5
configure:4311: $? = 0
configure:4311: result: yes
configure:4311: checking for string.h
configure:4311: gcc -c -Wall -g  conftest.c >&5
configure:4311: $? = 0
configure:4311: result: yes
configure:4311: checking for memory.h
configure:4311: gcc -c -Wall -g  conftest.c >&5
configure:4311: $? = 0
configure:4311: result: yes
configure:4311: checking for strings.h
configure:4311: gcc -c -Wall -g  conftest.c >&5
configure:4311: $? = 0
configure:4311: result: yes
configure:4311: checking for inttypes.h
configure:4311: gcc -c -Wall -g  conftest.c >&5
configure:4311: $? = 0
configure:4311: result: yes
configure:4311: checking for stdint.h
configure:4311: gcc -c -Wall -g  conftest.c >&5
configure:4311: $? = 0
configure:4311: result: yes
configure:4311: checking for unistd.h
configure:4311: gcc -c -Wall -g  conftest.c >&5
configure:4311: $? = 0
configure:4311: result: yes
configure:4326: checking ext2fs/ext2_fs.h usability
configure:4326: gcc -c -Wall -g  conftest.c >&5
conftest.c:53:10: fatal error: 'ext2fs/ext2_fs.h' file not found
#include <ext2fs/ext2_fs.h>
         ^~~~~~~~~~~~~~~~~~
1 error generated.
configure:4326: $? = 1
configure: failed program was:
| /* confdefs.h */
| #define PACKAGE_NAME "Xar"
| #define PACKAGE_TARNAME "xar"
| #define PACKAGE_VERSION "1.8dev"
| #define PACKAGE_STRING "Xar 1.8dev"
| #define PACKAGE_BUGREPORT "xar-devel@googlegroups.com"
| #define PACKAGE_URL ""
| #define HAVE_SYS_ACL_H 1
| #define STDC_HEADERS 1
| #define HAVE_SYS_TYPES_H 1
| #define HAVE_SYS_STAT_H 1
| #define HAVE_STDLIB_H 1
| #define HAVE_STRING_H 1
| #define HAVE_MEMORY_H 1
| #define HAVE_STRINGS_H 1
| #define HAVE_INTTYPES_H 1
| #define HAVE_STDINT_H 1
| #define HAVE_UNISTD_H 1
| /* end confdefs.h.  */
| #include <stdio.h>
| #ifdef HAVE_SYS_TYPES_H
| # include <sys/types.h>
| #endif
| #ifdef HAVE_SYS_STAT_H
| # include <sys/stat.h>
| #endif
| #ifdef STDC_HEADERS
| # include <stdlib.h>
| # include <stddef.h>
| #else
| # ifdef HAVE_STDLIB_H
| #  include <stdlib.h>
| # endif
| #endif
| #ifdef HAVE_STRING_H
| # if !defined STDC_HEADERS && defined HAVE_MEMORY_H
| #  include <memory.h>
| # endif
| # include <string.h>
| #endif
| #ifdef HAVE_STRINGS_H
| # include <strings.h>
| #endif
| #ifdef HAVE_INTTYPES_H
| # include <inttypes.h>
| #endif
| #ifdef HAVE_STDINT_H
| # include <stdint.h>
| #endif
| #ifdef HAVE_UNISTD_H
| # include <unistd.h>
| #endif
| #include <ext2fs/ext2_fs.h>
configure:4326: result: no
configure:4326: checking ext2fs/ext2_fs.h presence
configure:4326: gcc -E  conftest.c
conftest.c:20:10: fatal error: 'ext2fs/ext2_fs.h' file not found
#include <ext2fs/ext2_fs.h>
         ^~~~~~~~~~~~~~~~~~
1 error generated.
configure:4326: $? = 1
configure: failed program was:
| /* confdefs.h */
| #define PACKAGE_NAME "Xar"
| #define PACKAGE_TARNAME "xar"
| #define PACKAGE_VERSION "1.8dev"
| #define PACKAGE_STRING "Xar 1.8dev"
| #define PACKAGE_BUGREPORT "xar-devel@googlegroups.com"
| #define PACKAGE_URL ""
| #define HAVE_SYS_ACL_H 1
| #define STDC_HEADERS 1
| #define HAVE_SYS_TYPES_H 1
| #define HAVE_SYS_STAT_H 1
| #define HAVE_STDLIB_H 1
| #define HAVE_STRING_H 1
| #define HAVE_MEMORY_H 1
| #define HAVE_STRINGS_H 1
| #define HAVE_INTTYPES_H 1
| #define HAVE_STDINT_H 1
| #define HAVE_UNISTD_H 1
| /* end confdefs.h.  */
| #include <ext2fs/ext2_fs.h>
configure:4326: result: no
configure:4326: checking for ext2fs/ext2_fs.h
configure:4326: result: no
configure:4326: checking sys/statfs.h usability
configure:4326: gcc -c -Wall -g  conftest.c >&5
conftest.c:53:10: fatal error: 'sys/statfs.h' file not found
#include <sys/statfs.h>
         ^~~~~~~~~~~~~~
1 error generated.
configure:4326: $? = 1
configure: failed program was:
| /* confdefs.h */
| #define PACKAGE_NAME "Xar"
| #define PACKAGE_TARNAME "xar"
| #define PACKAGE_VERSION "1.8dev"
| #define PACKAGE_STRING "Xar 1.8dev"
| #define PACKAGE_BUGREPORT "xar-devel@googlegroups.com"
| #define PACKAGE_URL ""
| #define HAVE_SYS_ACL_H 1
| #define STDC_HEADERS 1
| #define HAVE_SYS_TYPES_H 1
| #define HAVE_SYS_STAT_H 1
| #define HAVE_STDLIB_H 1
| #define HAVE_STRING_H 1
| #define HAVE_MEMORY_H 1
| #define HAVE_STRINGS_H 1
| #define HAVE_INTTYPES_H 1
| #define HAVE_STDINT_H 1
| #define HAVE_UNISTD_H 1
| /* end confdefs.h.  */
| #include <stdio.h>
| #ifdef HAVE_SYS_TYPES_H
| # include <sys/types.h>
| #endif
| #ifdef HAVE_SYS_STAT_H
| # include <sys/stat.h>
| #endif
| #ifdef STDC_HEADERS
| # include <stdlib.h>
| # include <stddef.h>
| #else
| # ifdef HAVE_STDLIB_H
| #  include <stdlib.h>
| # endif
| #endif
| #ifdef HAVE_STRING_H
| # if !defined STDC_HEADERS && defined HAVE_MEMORY_H
| #  include <memory.h>
| # endif
| # include <string.h>
| #endif
| #ifdef HAVE_STRINGS_H
| # include <strings.h>
| #endif
| #ifdef HAVE_INTTYPES_H
| # include <inttypes.h>
| #endif
| #ifdef HAVE_STDINT_H
| # include <stdint.h>
| #endif
| #ifdef HAVE_UNISTD_H
| # include <unistd.h>
| #endif
| #include <sys/statfs.h>
configure:4326: result: no
configure:4326: checking sys/statfs.h presence
configure:4326: gcc -E  conftest.c
conftest.c:20:10: fatal error: 'sys/statfs.h' file not found
#include <sys/statfs.h>
         ^~~~~~~~~~~~~~
1 error generated.
configure:4326: $? = 1
configure: failed program was:
| /* confdefs.h */
| #define PACKAGE_NAME "Xar"
| #define PACKAGE_TARNAME "xar"
| #define PACKAGE_VERSION "1.8dev"
| #define PACKAGE_STRING "Xar 1.8dev"
| #define PACKAGE_BUGREPORT "xar-devel@googlegroups.com"
| #define PACKAGE_URL ""
| #define HAVE_SYS_ACL_H 1
| #define STDC_HEADERS 1
| #define HAVE_SYS_TYPES_H 1
| #define HAVE_SYS_STAT_H 1
| #define HAVE_STDLIB_H 1
| #define HAVE_STRING_H 1
| #define HAVE_MEMORY_H 1
| #define HAVE_STRINGS_H 1
| #define HAVE_INTTYPES_H 1
| #define HAVE_STDINT_H 1
| #define HAVE_UNISTD_H 1
| /* end confdefs.h.  */
| #include <sys/statfs.h>
configure:4326: result: no
configure:4326: checking for sys/statfs.h
configure:4326: result: no
configure:4326: checking sys/xattr.h usability
configure:4326: gcc -c -Wall -g  conftest.c >&5
configure:4326: $? = 0
configure:4326: result: yes
configure:4326: checking sys/xattr.h presence
configure:4326: gcc -E  conftest.c
configure:4326: $? = 0
configure:4326: result: yes
configure:4326: checking for sys/xattr.h
configure:4326: result: yes
configure:4326: checking sys/param.h usability
configure:4326: gcc -c -Wall -g  conftest.c >&5
configure:4326: $? = 0
configure:4326: result: yes
configure:4326: checking sys/param.h presence
configure:4326: gcc -E  conftest.c
configure:4326: $? = 0
configure:4326: result: yes
configure:4326: checking for sys/param.h
configure:4326: result: yes
configure:4326: checking sys/extattr.h usability
configure:4326: gcc -c -Wall -g  conftest.c >&5
conftest.c:55:10: fatal error: 'sys/extattr.h' file not found
#include <sys/extattr.h>
         ^~~~~~~~~~~~~~~
1 error generated.
configure:4326: $? = 1
configure: failed program was:
| /* confdefs.h */
| #define PACKAGE_NAME "Xar"
| #define PACKAGE_TARNAME "xar"
| #define PACKAGE_VERSION "1.8dev"
| #define PACKAGE_STRING "Xar 1.8dev"
| #define PACKAGE_BUGREPORT "xar-devel@googlegroups.com"
| #define PACKAGE_URL ""
| #define HAVE_SYS_ACL_H 1
| #define STDC_HEADERS 1
| #define HAVE_SYS_TYPES_H 1
| #define HAVE_SYS_STAT_H 1
| #define HAVE_STDLIB_H 1
| #define HAVE_STRING_H 1
| #define HAVE_MEMORY_H 1
| #define HAVE_STRINGS_H 1
| #define HAVE_INTTYPES_H 1
| #define HAVE_STDINT_H 1
| #define HAVE_UNISTD_H 1
| #define HAVE_SYS_XATTR_H 1
| #define HAVE_SYS_PARAM_H 1
| /* end confdefs.h.  */
| #include <stdio.h>
| #ifdef HAVE_SYS_TYPES_H
| # include <sys/types.h>
| #endif
| #ifdef HAVE_SYS_STAT_H
| # include <sys/stat.h>
| #endif
| #ifdef STDC_HEADERS
| # include <stdlib.h>
| # include <stddef.h>
| #else
| # ifdef HAVE_STDLIB_H
| #  include <stdlib.h>
| # endif
| #endif
| #ifdef HAVE_STRING_H
| # if !defined STDC_HEADERS && defined HAVE_MEMORY_H
| #  include <memory.h>
| # endif
| # include <string.h>
| #endif
| #ifdef HAVE_STRINGS_H
| # include <strings.h>
| #endif
| #ifdef HAVE_INTTYPES_H
| # include <inttypes.h>
| #endif
| #ifdef HAVE_STDINT_H
| # include <stdint.h>
| #endif
| #ifdef HAVE_UNISTD_H
| # include <unistd.h>
| #endif
| #include <sys/extattr.h>
configure:4326: result: no
configure:4326: checking sys/extattr.h presence
configure:4326: gcc -E  conftest.c
conftest.c:22:10: fatal error: 'sys/extattr.h' file not found
#include <sys/extattr.h>
         ^~~~~~~~~~~~~~~
1 error generated.
configure:4326: $? = 1
configure: failed program was:
| /* confdefs.h */
| #define PACKAGE_NAME "Xar"
| #define PACKAGE_TARNAME "xar"
| #define PACKAGE_VERSION "1.8dev"
| #define PACKAGE_STRING "Xar 1.8dev"
| #define PACKAGE_BUGREPORT "xar-devel@googlegroups.com"
| #define PACKAGE_URL ""
| #define HAVE_SYS_ACL_H 1
| #define STDC_HEADERS 1
| #define HAVE_SYS_TYPES_H 1
| #define HAVE_SYS_STAT_H 1
| #define HAVE_STDLIB_H 1
| #define HAVE_STRING_H 1
| #define HAVE_MEMORY_H 1
| #define HAVE_STRINGS_H 1
| #define HAVE_INTTYPES_H 1
| #define HAVE_STDINT_H 1
| #define HAVE_UNISTD_H 1
| #define HAVE_SYS_XATTR_H 1
| #define HAVE_SYS_PARAM_H 1
| /* end confdefs.h.  */
| #include <sys/extattr.h>
configure:4326: result: no
configure:4326: checking for sys/extattr.h
configure:4326: result: no
configure:4326: checking libutil.h usability
configure:4326: gcc -c -Wall -g  conftest.c >&5
conftest.c:55:10: fatal error: 'libutil.h' file not found
#include <libutil.h>
         ^~~~~~~~~~~
1 error generated.
configure:4326: $? = 1
configure: failed program was:
| /* confdefs.h */
| #define PACKAGE_NAME "Xar"
| #define PACKAGE_TARNAME "xar"
| #define PACKAGE_VERSION "1.8dev"
| #define PACKAGE_STRING "Xar 1.8dev"
| #define PACKAGE_BUGREPORT "xar-devel@googlegroups.com"
| #define PACKAGE_URL ""
| #define HAVE_SYS_ACL_H 1
| #define STDC_HEADERS 1
| #define HAVE_SYS_TYPES_H 1
| #define HAVE_SYS_STAT_H 1
| #define HAVE_STDLIB_H 1
| #define HAVE_STRING_H 1
| #define HAVE_MEMORY_H 1
| #define HAVE_STRINGS_H 1
| #define HAVE_INTTYPES_H 1
| #define HAVE_STDINT_H 1
| #define HAVE_UNISTD_H 1
| #define HAVE_SYS_XATTR_H 1
| #define HAVE_SYS_PARAM_H 1
| /* end confdefs.h.  */
| #include <stdio.h>
| #ifdef HAVE_SYS_TYPES_H
| # include <sys/types.h>
| #endif
| #ifdef HAVE_SYS_STAT_H
| # include <sys/stat.h>
| #endif
| #ifdef STDC_HEADERS
| # include <stdlib.h>
| # include <stddef.h>
| #else
| # ifdef HAVE_STDLIB_H
| #  include <stdlib.h>
| # endif
| #endif
| #ifdef HAVE_STRING_H
| # if !defined STDC_HEADERS && defined HAVE_MEMORY_H
| #  include <memory.h>
| # endif
| # include <string.h>
| #endif
| #ifdef HAVE_STRINGS_H
| # include <strings.h>
| #endif
| #ifdef HAVE_INTTYPES_H
| # include <inttypes.h>
| #endif
| #ifdef HAVE_STDINT_H
| # include <stdint.h>
| #endif
| #ifdef HAVE_UNISTD_H
| # include <unistd.h>
| #endif
| #include <libutil.h>
configure:4326: result: no
configure:4326: checking libutil.h presence
configure:4326: gcc -E  conftest.c
conftest.c:22:10: fatal error: 'libutil.h' file not found
#include <libutil.h>
         ^~~~~~~~~~~
1 error generated.
configure:4326: $? = 1
configure: failed program was:
| /* confdefs.h */
| #define PACKAGE_NAME "Xar"
| #define PACKAGE_TARNAME "xar"
| #define PACKAGE_VERSION "1.8dev"
| #define PACKAGE_STRING "Xar 1.8dev"
| #define PACKAGE_BUGREPORT "xar-devel@googlegroups.com"
| #define PACKAGE_URL ""
| #define HAVE_SYS_ACL_H 1
| #define STDC_HEADERS 1
| #define HAVE_SYS_TYPES_H 1
| #define HAVE_SYS_STAT_H 1
| #define HAVE_STDLIB_H 1
| #define HAVE_STRING_H 1
| #define HAVE_MEMORY_H 1
| #define HAVE_STRINGS_H 1
| #define HAVE_INTTYPES_H 1
| #define HAVE_STDINT_H 1
| #define HAVE_UNISTD_H 1
| #define HAVE_SYS_XATTR_H 1
| #define HAVE_SYS_PARAM_H 1
| /* end confdefs.h.  */
| #include <libutil.h>
configure:4326: result: no
configure:4326: checking for libutil.h
configure:4326: result: no
configure:4338: checking for lgetxattr
configure:4338: gcc -o conftest -Wall -g   conftest.c  >&5
Undefined symbols for architecture x86_64:
  "_lgetxattr", referenced from:
      _main in conftest-dc620c.o
ld: symbol(s) not found for architecture x86_64
clang: error: linker command failed with exit code 1 (use -v to see invocation)
configure:4338: $? = 1
configure: failed program was:
| /* confdefs.h */
| #define PACKAGE_NAME "Xar"
| #define PACKAGE_TARNAME "xar"
| #define PACKAGE_VERSION "1.8dev"
| #define PACKAGE_STRING "Xar 1.8dev"
| #define PACKAGE_BUGREPORT "xar-devel@googlegroups.com"
| #define PACKAGE_URL ""
| #define HAVE_SYS_ACL_H 1
| #define STDC_HEADERS 1
| #define HAVE_SYS_TYPES_H 1
| #define HAVE_SYS_STAT_H 1
| #define HAVE_STDLIB_H 1
| #define HAVE_STRING_H 1
| #define HAVE_MEMORY_H 1
| #define HAVE_STRINGS_H 1
| #define HAVE_INTTYPES_H 1
| #define HAVE_STDINT_H 1
| #define HAVE_UNISTD_H 1
| #define HAVE_SYS_XATTR_H 1
| #define HAVE_SYS_PARAM_H 1
| /* end confdefs.h.  */
| /* Define lgetxattr to an innocuous variant, in case <limits.h> declares lgetxattr.
|    For example, HP-UX 11i <limits.h> declares gettimeofday.  */
| #define lgetxattr innocuous_lgetxattr
| 
| /* System header to define __stub macros and hopefully few prototypes,
|     which can conflict with char lgetxattr (); below.
|     Prefer <limits.h> to <assert.h> if __STDC__ is defined, since
|     <limits.h> exists even on freestanding compilers.  */
| 
| #ifdef __STDC__
| # include <limits.h>
| #else
| # include <assert.h>
| #endif
| 
| #undef lgetxattr
| 
| /* Override any GCC internal prototype to avoid an error.
|    Use char because int might match the return type of a GCC
|    builtin and then its argument prototype would still apply.  */
| #ifdef __cplusplus
| extern "C"
| #endif
| char lgetxattr ();
| /* The GNU C library defines this for functions which it implements
|     to always fail with ENOSYS.  Some functions are actually named
|     something starting with __ and the normal name is an alias.  */
| #if defined __stub_lgetxattr || defined __stub___lgetxattr
| choke me
| #endif
| 
| int
| main ()
| {
| return lgetxattr ();
|   ;
|   return 0;
| }
configure:4338: result: no
configure:4349: checking for lsetxattr
configure:4349: gcc -o conftest -Wall -g   conftest.c  >&5
Undefined symbols for architecture x86_64:
  "_lsetxattr", referenced from:
      _main in conftest-658b3f.o
ld: symbol(s) not found for architecture x86_64
clang: error: linker command failed with exit code 1 (use -v to see invocation)
configure:4349: $? = 1
configure: failed program was:
| /* confdefs.h */
| #define PACKAGE_NAME "Xar"
| #define PACKAGE_TARNAME "xar"
| #define PACKAGE_VERSION "1.8dev"
| #define PACKAGE_STRING "Xar 1.8dev"
| #define PACKAGE_BUGREPORT "xar-devel@googlegroups.com"
| #define PACKAGE_URL ""
| #define HAVE_SYS_ACL_H 1
| #define STDC_HEADERS 1
| #define HAVE_SYS_TYPES_H 1
| #define HAVE_SYS_STAT_H 1
| #define HAVE_STDLIB_H 1
| #define HAVE_STRING_H 1
| #define HAVE_MEMORY_H 1
| #define HAVE_STRINGS_H 1
| #define HAVE_INTTYPES_H 1
| #define HAVE_STDINT_H 1
| #define HAVE_UNISTD_H 1
| #define HAVE_SYS_XATTR_H 1
| #define HAVE_SYS_PARAM_H 1
| /* end confdefs.h.  */
| /* Define lsetxattr to an innocuous variant, in case <limits.h> declares lsetxattr.
|    For example, HP-UX 11i <limits.h> declares gettimeofday.  */
| #define lsetxattr innocuous_lsetxattr
| 
| /* System header to define __stub macros and hopefully few prototypes,
|     which can conflict with char lsetxattr (); below.
|     Prefer <limits.h> to <assert.h> if __STDC__ is defined, since
|     <limits.h> exists even on freestanding compilers.  */
| 
| #ifdef __STDC__
| # include <limits.h>
| #else
| # include <assert.h>
| #endif
| 
| #undef lsetxattr
| 
| /* Override any GCC internal prototype to avoid an error.
|    Use char because int might match the return type of a GCC
|    builtin and then its argument prototype would still apply.  */
| #ifdef __cplusplus
| extern "C"
| #endif
| char lsetxattr ();
| /* The GNU C library defines this for functions which it implements
|     to always fail with ENOSYS.  Some functions are actually named
|     something starting with __ and the normal name is an alias.  */
| #if defined __stub_lsetxattr || defined __stub___lsetxattr
| choke me
| #endif
| 
| int
| main ()
| {
| return lsetxattr ();
|   ;
|   return 0;
| }
configure:4349: result: no
configure:4360: checking for getxattr
configure:4360: gcc -o conftest -Wall -g   conftest.c  >&5
configure:4360: $? = 0
configure:4360: result: yes
configure:4371: checking for setxattr
configure:4371: gcc -o conftest -Wall -g   conftest.c  >&5
configure:4371: $? = 0
configure:4371: result: yes
configure:4382: checking for getattrlist
configure:4382: gcc -o conftest -Wall -g   conftest.c  >&5
configure:4382: $? = 0
configure:4382: result: yes
configure:4393: checking for setattrlist
configure:4393: gcc -o conftest -Wall -g   conftest.c  >&5
configure:4393: $? = 0
configure:4393: result: yes
configure:4404: checking for lchmod
configure:4404: gcc -o conftest -Wall -g   conftest.c  >&5
configure:4404: $? = 0
configure:4404: result: yes
configure:4415: checking for lchown
configure:4415: gcc -o conftest -Wall -g   conftest.c  >&5
configure:4415: $? = 0
configure:4415: result: yes
configure:4426: checking for chflags
configure:4426: gcc -o conftest -Wall -g   conftest.c  >&5
configure:4426: $? = 0
configure:4426: result: yes
configure:4437: checking for statvfs
configure:4437: gcc -o conftest -Wall -g   conftest.c  >&5
configure:4437: $? = 0
configure:4437: result: yes
configure:4448: checking for statfs
configure:4448: gcc -o conftest -Wall -g   conftest.c  >&5
configure:4448: $? = 0
configure:4448: result: yes
configure:4459: checking for strmode
configure:4459: gcc -o conftest -Wall -g   conftest.c  >&5
configure:4459: $? = 0
configure:4459: result: yes
configure:4469: checking for struct statfs.f_fstypename
configure:4469: gcc -c -Wall -g  conftest.c >&5
conftest.c:40:13: warning: address of array 'ac_aggr.f_fstypename' will always evaluate to 'true' [-Wpointer-bool-conversion]
if (ac_aggr.f_fstypename)
~~  ~~~~~~~~^~~~~~~~~~~~
1 warning generated.
configure:4469: $? = 0
configure:4469: result: yes
configure:4482: checking for struct statvfs.f_fstypename
configure:4482: gcc -c -Wall -g  conftest.c >&5
conftest.c:39:13: error: no member named 'f_fstypename' in 'struct statvfs'
if (ac_aggr.f_fstypename)
    ~~~~~~~ ^
1 error generated.
configure:4482: $? = 1
configure: failed program was:
| /* confdefs.h */
| #define PACKAGE_NAME "Xar"
| #define PACKAGE_TARNAME "xar"
| #define PACKAGE_VERSION "1.8dev"
| #define PACKAGE_STRING "Xar 1.8dev"
| #define PACKAGE_BUGREPORT "xar-devel@googlegroups.com"
| #define PACKAGE_URL ""
| #define HAVE_SYS_ACL_H 1
| #define STDC_HEADERS 1
| #define HAVE_SYS_TYPES_H 1
| #define HAVE_SYS_STAT_H 1
| #define HAVE_STDLIB_H 1
| #define HAVE_STRING_H 1
| #define HAVE_MEMORY_H 1
| #define HAVE_STRINGS_H 1
| #define HAVE_INTTYPES_H 1
| #define HAVE_STDINT_H 1
| #define HAVE_UNISTD_H 1
| #define HAVE_SYS_XATTR_H 1
| #define HAVE_SYS_PARAM_H 1
| #define HAVE_GETXATTR 1
| #define HAVE_SETXATTR 1
| #define HAVE_GETATTRLIST 1
| #define HAVE_SETATTRLIST 1
| #define HAVE_LCHMOD 1
| #define HAVE_LCHOWN 1
| #define HAVE_CHFLAGS 1
| #define HAVE_STATVFS 1
| #define HAVE_STATFS 1
| #define HAVE_STRMODE 1
| #define HAVE_STRUCT_STATFS_F_FSTYPENAME 1
| /* end confdefs.h.  */
| #include <sys/statvfs.h>
| 
| int
| main ()
| {
| static struct statvfs ac_aggr;
| if (ac_aggr.f_fstypename)
| return 0;
|   ;
|   return 0;
| }
configure:4482: gcc -c -Wall -g  conftest.c >&5
conftest.c:39:20: error: no member named 'f_fstypename' in 'struct statvfs'
if (sizeof ac_aggr.f_fstypename)
           ~~~~~~~ ^
1 error generated.
configure:4482: $? = 1
configure: failed program was:
| /* confdefs.h */
| #define PACKAGE_NAME "Xar"
| #define PACKAGE_TARNAME "xar"
| #define PACKAGE_VERSION "1.8dev"
| #define PACKAGE_STRING "Xar 1.8dev"
| #define PACKAGE_BUGREPORT "xar-devel@googlegroups.com"
| #define PACKAGE_URL ""
| #define HAVE_SYS_ACL_H 1
| #define STDC_HEADERS 1
| #define HAVE_SYS_TYPES_H 1
| #define HAVE_SYS_STAT_H 1
| #define HAVE_STDLIB_H 1
| #define HAVE_STRING_H 1
| #define HAVE_MEMORY_H 1
| #define HAVE_STRINGS_H 1
| #define HAVE_INTTYPES_H 1
| #define HAVE_STDINT_H 1
| #define HAVE_UNISTD_H 1
| #define HAVE_SYS_XATTR_H 1
| #define HAVE_SYS_PARAM_H 1
| #define HAVE_GETXATTR 1
| #define HAVE_SETXATTR 1
| #define HAVE_GETATTRLIST 1
| #define HAVE_SETATTRLIST 1
| #define HAVE_LCHMOD 1
| #define HAVE_LCHOWN 1
| #define HAVE_CHFLAGS 1
| #define HAVE_STATVFS 1
| #define HAVE_STATFS 1
| #define HAVE_STRMODE 1
| #define HAVE_STRUCT_STATFS_F_FSTYPENAME 1
| /* end confdefs.h.  */
| #include <sys/statvfs.h>
| 
| int
| main ()
| {
| static struct statvfs ac_aggr;
| if (sizeof ac_aggr.f_fstypename)
| return 0;
|   ;
|   return 0;
| }
configure:4482: result: no
configure:4493: checking for struct stat.st_flags
configure:4493: gcc -c -Wall -g  conftest.c >&5
configure:4493: $? = 0
configure:4493: result: yes
configure:4508: checking size of uid_t
configure:4513: gcc -o conftest -Wall -g   conftest.c  >&5
configure:4513: $? = 0
configure:4513: ./conftest
configure:4513: $? = 0
configure:4527: result: 4
configure:4555: checking size of gid_t
configure:4560: gcc -o conftest -Wall -g   conftest.c  >&5
configure:4560: $? = 0
configure:4560: ./conftest
configure:4560: $? = 0
configure:4574: result: 4
configure:4602: checking size of ino_t
configure:4607: gcc -o conftest -Wall -g   conftest.c  >&5
configure:4607: $? = 0
configure:4607: ./conftest
configure:4607: $? = 0
configure:4621: result: 8
configure:4653: checking size of dev_t
configure:4658: gcc -o conftest -Wall -g   conftest.c  >&5
configure:4658: $? = 0
configure:4658: ./conftest
configure:4658: $? = 0
configure:4672: result: 4
configure:4700: checking for acl_get_file in -lacl
configure:4725: gcc -o conftest -Wall -g   conftest.c -lacl   >&5
ld: library not found for -lacl
clang: error: linker command failed with exit code 1 (use -v to see invocation)
configure:4725: $? = 1
configure: failed program was:
| /* confdefs.h */
| #define PACKAGE_NAME "Xar"
| #define PACKAGE_TARNAME "xar"
| #define PACKAGE_VERSION "1.8dev"
| #define PACKAGE_STRING "Xar 1.8dev"
| #define PACKAGE_BUGREPORT "xar-devel@googlegroups.com"
| #define PACKAGE_URL ""
| #define HAVE_SYS_ACL_H 1
| #define STDC_HEADERS 1
| #define HAVE_SYS_TYPES_H 1
| #define HAVE_SYS_STAT_H 1
| #define HAVE_STDLIB_H 1
| #define HAVE_STRING_H 1
| #define HAVE_MEMORY_H 1
| #define HAVE_STRINGS_H 1
| #define HAVE_INTTYPES_H 1
| #define HAVE_STDINT_H 1
| #define HAVE_UNISTD_H 1
| #define HAVE_SYS_XATTR_H 1
| #define HAVE_SYS_PARAM_H 1
| #define HAVE_GETXATTR 1
| #define HAVE_SETXATTR 1
| #define HAVE_GETATTRLIST 1
| #define HAVE_SETATTRLIST 1
| #define HAVE_LCHMOD 1
| #define HAVE_LCHOWN 1
| #define HAVE_CHFLAGS 1
| #define HAVE_STATVFS 1
| #define HAVE_STATFS 1
| #define HAVE_STRMODE 1
| #define HAVE_STRUCT_STATFS_F_FSTYPENAME 1
| #define HAVE_STRUCT_STAT_ST_FLAGS 1
| #define SIZEOF_UID_T 4
| #define UID_STRING RId32
| #define UID_CAST (uint32_t)
| #define SIZEOF_GID_T 4
| #define GID_STRING PRId32
| #define GID_CAST (uint32_t)
| #define SIZEOF_INO_T 8
| #define INO_STRING PRId64
| #define INO_HEXSTRING PRIx64
| #define INO_CAST (uint64_t)
| #define SIZEOF_DEV_T 4
| #define DEV_STRING PRId32
| #define DEV_HEXSTRING PRIx32
| #define DEV_CAST (uint32_t)
| /* end confdefs.h.  */
| 
| /* Override any GCC internal prototype to avoid an error.
|    Use char because int might match the return type of a GCC
|    builtin and then its argument prototype would still apply.  */
| #ifdef __cplusplus
| extern "C"
| #endif
| char acl_get_file ();
| int
| main ()
| {
| return acl_get_file ();
|   ;
|   return 0;
| }
configure:4734: result: no
configure:4748: checking for asprintf
configure:4748: gcc -o conftest -Wall -g   conftest.c  >&5
conftest.c:82:18: warning: format string missing [-Wformat]
return asprintf ();
       ~~~~~~~~  ^
1 warning generated.
configure:4748: $? = 0
configure:4748: result: yes
configure:4780: checking for xml2-config
configure:4798: found /usr/bin/xml2-config
configure:4810: result: /usr/bin/xml2-config
configure:4823: checking for libxml >= 2.6.11
configure:4841: result: 2.9.4
configure:4852: checking libxml/xmlwriter.h usability
configure:4852: gcc -c -Wall -g  -I/Applications/Xcode.app/Contents/Developer/Platforms/MacOSX.platform/Developer/SDKs/MacOSX.sdk/usr/include conftest.c >&5
configure:4852: $? = 0
configure:4852: result: yes
configure:4852: checking libxml/xmlwriter.h presence
configure:4852: gcc -E  -I/Applications/Xcode.app/Contents/Developer/Platforms/MacOSX.platform/Developer/SDKs/MacOSX.sdk/usr/include conftest.c
configure:4852: $? = 0
configure:4852: result: yes
configure:4852: checking for libxml/xmlwriter.h
configure:4852: result: yes
configure:4868: checking zlib.h usability
configure:4868: gcc -c -Wall -g  -I/Applications/Xcode.app/Contents/Developer/Platforms/MacOSX.platform/Developer/SDKs/MacOSX.sdk/usr/include conftest.c >&5
configure:4868: $? = 0
configure:4868: result: yes
configure:4868: checking zlib.h presence
configure:4868: gcc -E  -I/Applications/Xcode.app/Contents/Developer/Platforms/MacOSX.platform/Developer/SDKs/MacOSX.sdk/usr/include conftest.c
configure:4868: $? = 0
configure:4868: result: yes
configure:4868: checking for zlib.h
configure:4868: result: yes
configure:4880: checking for deflate in -lz
configure:4905: gcc -o conftest -Wall -g  -I/Applications/Xcode.app/Contents/Developer/Platforms/MacOSX.platform/Developer/SDKs/MacOSX.sdk/usr/include  conftest.c -lz   -L/Applications/Xcode.app/Contents/Developer/Platforms/MacOSX.platform/Developer/SDKs/MacOSX.sdk/usr/lib -lxml2 -lz -lpthread -licucore -lm >&5
configure:4905: $? = 0
configure:4914: result: yes
configure:4934: checking bzlib.h usability
configure:4934: gcc -c -Wall -g  -I/Applications/Xcode.app/Contents/Developer/Platforms/MacOSX.platform/Developer/SDKs/MacOSX.sdk/usr/include conftest.c >&5
configure:4934: $? = 0
configure:4934: result: yes
configure:4934: checking bzlib.h presence
configure:4934: gcc -E  -I/Applications/Xcode.app/Contents/Developer/Platforms/MacOSX.platform/Developer/SDKs/MacOSX.sdk/usr/include conftest.c
configure:4934: $? = 0
configure:4934: result: yes
configure:4934: checking for bzlib.h
configure:4934: result: yes
configure:4946: checking for BZ2_bzCompress in -lbz2
configure:4971: gcc -o conftest -Wall -g  -I/Applications/Xcode.app/Contents/Developer/Platforms/MacOSX.platform/Developer/SDKs/MacOSX.sdk/usr/include  conftest.c -lbz2  -lz  -L/Applications/Xcode.app/Contents/Developer/Platforms/MacOSX.platform/Developer/SDKs/MacOSX.sdk/usr/lib -lxml2 -lz -lpthread -licucore -lm >&5
configure:4971: $? = 0
configure:4980: result: yes
configure:5001: checking pthread.h usability
configure:5001: gcc -c -Wall -g  -I/Applications/Xcode.app/Contents/Developer/Platforms/MacOSX.platform/Developer/SDKs/MacOSX.sdk/usr/include conftest.c >&5
configure:5001: $? = 0
configure:5001: result: yes
configure:5001: checking pthread.h presence
configure:5001: gcc -E  -I/Applications/Xcode.app/Contents/Developer/Platforms/MacOSX.platform/Developer/SDKs/MacOSX.sdk/usr/include conftest.c
configure:5001: $? = 0
configure:5001: result: yes
configure:5001: checking for pthread.h
configure:5001: result: yes
configure:5013: checking for pthread_mutex_lock in -lpthread
configure:5038: gcc -o conftest -Wall -g  -I/Applications/Xcode.app/Contents/Developer/Platforms/MacOSX.platform/Developer/SDKs/MacOSX.sdk/usr/include  conftest.c -lpthread  -lbz2 -lz  -L/Applications/Xcode.app/Contents/Developer/Platforms/MacOSX.platform/Developer/SDKs/MacOSX.sdk/usr/lib -lxml2 -lz -lpthread -licucore -lm >&5
configure:5038: $? = 0
configure:5047: result: yes
configure:5187: creating ./config.status

## ---------------------- ##
## Running config.status. ##
## ---------------------- ##

This file was extended by Xar config.status 1.8dev, which was
generated by GNU Autoconf 2.69.  Invocation command line was

  CONFIG_FILES    = 
  CONFIG_HEADERS  = 
  CONFIG_LINKS    = 
  CONFIG_COMMANDS = 
  $ ./config.status 

on Users-Mac

config.status:874: creating cfgoutputs.stamp
config.status:874: creating Makefile
config.status:874: creating include/xar.h
config.status:874: creating lib/Makefile.inc
config.status:874: creating lib/libxar.la.in
config.status:874: creating src/Makefile.inc
config.status:874: creating xar.spec
config.status:874: creating cfghdrs.stamp
config.status:874: creating include/config.h

## ---------------- ##
## Cache variables. ##
## ---------------- ##

ac_cv_build=i686-apple-darwin20.6.0
ac_cv_c_compiler_gnu=yes
ac_cv_env_CC_set=
ac_cv_env_CC_value=
ac_cv_env_CFLAGS_set=
ac_cv_env_CFLAGS_value=
ac_cv_env_CPPFLAGS_set=
ac_cv_env_CPPFLAGS_value=
ac_cv_env_CPP_set=
ac_cv_env_CPP_value=
ac_cv_env_LDFLAGS_set=
ac_cv_env_LDFLAGS_value=
ac_cv_env_LIBS_set=
ac_cv_env_LIBS_value=
ac_cv_env_build_alias_set=
ac_cv_env_build_alias_value=
ac_cv_env_host_alias_set=
ac_cv_env_host_alias_value=
ac_cv_env_target_alias_set=
ac_cv_env_target_alias_value=
ac_cv_func_asprintf=yes
ac_cv_func_chflags=yes
ac_cv_func_getattrlist=yes
ac_cv_func_getxattr=yes
ac_cv_func_lchmod=yes
ac_cv_func_lchown=yes
ac_cv_func_lgetxattr=no
ac_cv_func_lsetxattr=no
ac_cv_func_setattrlist=yes
ac_cv_func_setxattr=yes
ac_cv_func_statfs=yes
ac_cv_func_statvfs=yes
ac_cv_func_strmode=yes
ac_cv_header_bzlib_h=yes
ac_cv_header_ext2fs_ext2_fs_h=no
ac_cv_header_inttypes_h=yes
ac_cv_header_libutil_h=no
ac_cv_header_libxml_xmlwriter_h=yes
ac_cv_header_memory_h=yes
ac_cv_header_pthread_h=yes
ac_cv_header_stdc=yes
ac_cv_header_stdint_h=yes
ac_cv_header_stdlib_h=yes
ac_cv_header_string_h=yes
ac_cv_header_strings_h=yes
ac_cv_header_sys_extattr_h=no
ac_cv_header_sys_param_h=yes
ac_cv_header_sys_stat_h=yes
ac_cv_header_sys_statfs_h=no
ac_cv_header_sys_types_h=yes
ac_cv_header_sys_xattr_h=yes
ac_cv_header_unistd_h=yes
ac_cv_header_zlib_h=yes
ac_cv_host=i686-apple-darwin20.6.0
ac_cv_lib_acl_acl_get_file=no
ac_cv_lib_bz2_BZ2_bzCompress=yes
ac_cv_lib_pthread_pthread_mutex_lock=yes
ac_cv_lib_z_deflate=yes
ac_cv_member_struct_stat_st_flags=yes
ac_cv_member_struct_statfs_f_fstypename=yes
ac_cv_member_struct_statvfs_f_fstypename=no
ac_cv_objext=o
ac_cv_path_AR=/usr/bin/ar
ac_cv_path_EGREP='/usr/bin/grep -E'
ac_cv_path_GREP=/usr/bin/grep
ac_cv_path_LD=/usr/bin/ld
ac_cv_path_RANLIB=/usr/bin/ranlib
ac_cv_path_XML2_CONFIG=/usr/bin/xml2-config
ac_cv_path_install='/usr/bin/install -c'
ac_cv_prog_CPP='gcc -E'
ac_cv_prog_ac_ct_CC=gcc
ac_cv_prog_cc_c89=
ac_cv_prog_cc_g=yes
ac_cv_sizeof_dev_t=4
ac_cv_sizeof_gid_t=4
ac_cv_sizeof_ino_t=8
ac_cv_sizeof_uid_t=4
ac_cv_sys_file_offset_bits=no
ac_cv_sys_largefile_CC=no

## ----------------- ##
## Output variables. ##
## ----------------- ##

AR='/usr/bin/ar'
AUTOCONF=''
BINDIR='/usr/local/bin'
CC='gcc'
CFLAGS='-Wall -g'
CPP='gcc -E'
CPPFLAGS=' -I/Applications/Xcode.app/Contents/Developer/Platforms/MacOSX.platform/Developer/SDKs/MacOSX.sdk/usr/include'
DATADIR='/usr/local/share'
DEFS='-DHAVE_CONFIG_H'
ECHO_C='\c'
ECHO_N=''
ECHO_T=''
EGREP='/usr/bin/grep -E'
EXEEXT=''
GREP='/usr/bin/grep'
INCLUDEDIR='/usr/local/include'
INSTALL_DATA='${INSTALL} -m 644'
INSTALL_PROGRAM='${INSTALL}'
INSTALL_SCRIPT='${INSTALL}'
LD='/usr/bin/ld'
LDFLAGS=''
LIBDIR='/usr/local/lib'
LIBOBJS=''
LIBS='-lpthread -lbz2 -lz  -L/Applications/Xcode.app/Contents/Developer/Platforms/MacOSX.platform/Developer/SDKs/MacOSX.sdk/usr/lib -lxml2 -lz -lpthread -licucore -lm'
LIB_REV='1'
LTLIBOBJS=''
MANDIR='/usr/local/share/man'
OBJEXT='o'
PACKAGE_BUGREPORT='xar-devel@googlegroups.com'
PACKAGE_NAME='Xar'
PACKAGE_STRING='Xar 1.8dev'
PACKAGE_TARNAME='xar'
PACKAGE_URL=''
PACKAGE_VERSION='1.8dev'
PATH_SEPARATOR=':'
PREFIX='/usr/local'
RANLIB='/usr/bin/ranlib'
RPATH=''
SHELL='/bin/sh'
XAR_MAJOR_VERSION='1'
XAR_MINOR_VERSION='8dev'
XAR_VERSION='1.8dev'
XML2_CONFIG='/usr/bin/xml2-config'
abi='macho'
abs_objroot='/Users/user/Downloads/xar-xar-452/gen/'
abs_srcroot='/Users/user/Downloads/xar-xar-452/xar/'
ac_ct_CC='gcc'
bindir='${exec_prefix}/bin'
build='i686-apple-darwin20.6.0'
build_alias=''
build_cpu='i686'
build_os='darwin20.6.0'
build_vendor='apple'
cfghdrs='cfghdrs.stamp include/config.h'
cfgoutputs='cfgoutputs.stamp Makefile include/xar.h lib/Makefile.inc lib/libxar.la.in src/Makefile.inc xar.spec'
datadir='${datarootdir}'
datarootdir='${prefix}/share'
docdir='${datarootdir}/doc/${PACKAGE_TARNAME}'
dvidir='${docdir}'
enable_autogen='0'
exec_prefix='/usr/local'
host='i686-apple-darwin20.6.0'
host_alias=''
host_cpu='i686'
host_os='darwin20.6.0'
host_vendor='apple'
htmldir='${docdir}'
includedir='${prefix}/include'
infodir='${datarootdir}/info'
libdir='${exec_prefix}/lib'
libexecdir='${exec_prefix}/libexec'
localedir='${datarootdir}/locale'
localstatedir='${prefix}/var'
mandir='${datarootdir}/man'
objroot=''
oldincludedir='/usr/include'
pdfdir='${docdir}'
prefix='/usr/local'
program_transform_name='s,x,x,'
psdir='${docdir}'
sbindir='${exec_prefix}/sbin'
shared='yes'
sharedstatedir='${prefix}/com'
srcroot='/Users/user/Downloads/xar-xar-452/xar/'
static='yes'
sysconfdir='${prefix}/etc'
target_alias=''

## ----------- ##
## confdefs.h. ##
## ----------- ##

/* confdefs.h */
#define PACKAGE_NAME "Xar"
#define PACKAGE_TARNAME "xar"
#define PACKAGE_VERSION "1.8dev"
#define PACKAGE_STRING "Xar 1.8dev"
#define PACKAGE_BUGREPORT "xar-devel@googlegroups.com"
#define PACKAGE_URL ""
#define HAVE_SYS_ACL_H 1
#define STDC_HEADERS 1
#define HAVE_SYS_TYPES_H 1
#define HAVE_SYS_STAT_H 1
#define HAVE_STDLIB_H 1
#define HAVE_STRING_H 1
#define HAVE_MEMORY_H 1
#define HAVE_STRINGS_H 1
#define HAVE_INTTYPES_H 1
#define HAVE_STDINT_H 1
#define HAVE_UNISTD_H 1
#define HAVE_SYS_XATTR_H 1
#define HAVE_SYS_PARAM_H 1
#define HAVE_GETXATTR 1
#define HAVE_SETXATTR 1
#define HAVE_GETATTRLIST 1
#define HAVE_SETATTRLIST 1
#define HAVE_LCHMOD 1
#define HAVE_LCHOWN 1
#define HAVE_CHFLAGS 1
#define HAVE_STATVFS 1
#define HAVE_STATFS 1
#define HAVE_STRMODE 1
#define HAVE_STRUCT_STATFS_F_FSTYPENAME 1
#define HAVE_STRUCT_STAT_ST_FLAGS 1
#define SIZEOF_UID_T 4
#define UID_STRING RId32
#define UID_CAST (uint32_t)
#define SIZEOF_GID_T 4
#define GID_STRING PRId32
#define GID_CAST (uint32_t)
#define SIZEOF_INO_T 8
#define INO_STRING PRId64
#define INO_HEXSTRING PRIx64
#define INO_CAST (uint64_t)
#define SIZEOF_DEV_T 4
#define DEV_STRING PRId32
#define DEV_HEXSTRING PRIx32
#define DEV_CAST (uint32_t)
#define HAVE_ASPRINTF 1
#define HAVE_ZLIB_H 1
#define HAVE_LIBZ 1
#define HAVE_BZLIB_H 1
#define HAVE_LIBBZ2 1
#define HAVE_LIBBZ2 1
#define HAVE_PTHREAD_H 1
#define HAVE_LIBPTHREAD 1
#define HAVE_LIBPTHREAD 1

configure: exit 0
